0 info it worked if it ends with ok
1 verbose cli [ 'C:\\Program Files\\nodejs\\node.exe',
1 verbose cli   'C:\\Users\\yyguo.PC90042\\AppData\\Roaming\\npm\\node_modules\\npm\\bin\\npm-cli.js',
1 verbose cli   'run',
1 verbose cli   'server' ]
2 info using npm@4.0.3
3 info using node@v6.9.1
4 verbose run-script [ 'preserver', 'server', 'postserver' ]
5 info lifecycle visualization@1.0.0~preserver: visualization@1.0.0
6 silly lifecycle visualization@1.0.0~preserver: no script for preserver, continuing
7 info lifecycle visualization@1.0.0~server: visualization@1.0.0
8 verbose lifecycle visualization@1.0.0~server: unsafe-perm in lifecycle true
9 verbose lifecycle visualization@1.0.0~server: PATH: C:\Users\yyguo.PC90042\AppData\Roaming\npm\node_modules\npm\bin\node-gyp-bin;D:\workspace\Husky-Vis\backend-express-es6\node_modules\.bin;C:\cygwin64\usr\local\bin;C:\cygwin64\bin;C:\Python27;C:\Python27\Scripts;C:\ProgramData\Oracle\Java\javapath;C:\Program Files (x86)\Intel\iCLS Client;C:\Program Files\Intel\iCLS Client;C:\Windows\system32;C:\Windows;C:\Windows\System32\Wbem;C:\Windows\System32\WindowsPowerShell\v1.0;C:\Program Files (x86)\Common Files\Roxio Shared\10.0\DLLShared;C:\Program Files (x86)\Microsoft SQL Server\100\Tools\Binn;C:\Program Files\Microsoft SQL Server\100\Tools\Binn;C:\Program Files\Microsoft SQL Server\100\DTS\Binn;C:\Program Files\Microsoft\Web Platform Installer;C:\Program Files (x86)\Windows Kits\8.1\Windows Performance Toolkit;C:\Program Files (x86)\Intel\OpenCL SDK\3.0\bin\x86;C:\Program Files (x86)\Intel\OpenCL SDK\3.0\bin\x64;C:\Program Files\Intel\Intel(R) Management Engine Components\DAL;C:\Program Files\Intel\Intel(R) Management Engine Components\IPT;C:\Program Files (x86)\Intel\Intel(R) Management Engine Components\DAL;C:\Program Files (x86)\Intel\Intel(R) Management Engine Components\IPT;C:\Program Files\Microsoft SQL Server\110\Tools\Binn;C:\Program Files (x86)\Microsoft SDKs\TypeScript\1.0;C:\Program Files\Microsoft SQL Server\120\Tools\Binn;C:\Program Files (x86)\QuickTime\QTSystem;D:\software;C:\Program Files (x86)\Bitvise SSH Client;C:\Program Files\Git\cmd;C:\Program Files\Java\jdk1.8.0_74\bin;C:\Program Files\Java\jdk1.8.0_74\jre\bin;C:\Program Files (x86)\scala\bin;C:\Program Files (x86)\LLVM\bin;C:\Users\yyguo.PC90042\AppData\Roaming\npm;C:\Program Files\nodejs;C:\Users\yyguo.PC90042\AppData\Roaming\npm;C:\cygwin64\lib\lapack
10 verbose lifecycle visualization@1.0.0~server: CWD: D:\workspace\Husky-Vis\backend-express-es6
11 silly lifecycle visualization@1.0.0~server: Args: [ '/d /s /c', 'node dist/app.js' ]
12 silly lifecycle visualization@1.0.0~server: Returned: code: 1  signal: null
13 info lifecycle visualization@1.0.0~server: Failed to exec server script
14 verbose stack Error: visualization@1.0.0 server: `node dist/app.js`
14 verbose stack Exit status 1
14 verbose stack     at EventEmitter.<anonymous> (C:\Users\yyguo.PC90042\AppData\Roaming\npm\node_modules\npm\lib\utils\lifecycle.js:279:16)
14 verbose stack     at emitTwo (events.js:106:13)
14 verbose stack     at EventEmitter.emit (events.js:191:7)
14 verbose stack     at ChildProcess.<anonymous> (C:\Users\yyguo.PC90042\AppData\Roaming\npm\node_modules\npm\lib\utils\spawn.js:40:14)
14 verbose stack     at emitTwo (events.js:106:13)
14 verbose stack     at ChildProcess.emit (events.js:191:7)
14 verbose stack     at maybeClose (internal/child_process.js:877:16)
14 verbose stack     at Process.ChildProcess._handle.onexit (internal/child_process.js:226:5)
15 verbose pkgid visualization@1.0.0
16 verbose cwd D:\workspace\Husky-Vis\backend-express-es6
17 error Windows_NT 6.1.7601
18 error argv "C:\\Program Files\\nodejs\\node.exe" "C:\\Users\\yyguo.PC90042\\AppData\\Roaming\\npm\\node_modules\\npm\\bin\\npm-cli.js" "run" "server"
19 error node v6.9.1
20 error npm  v4.0.3
21 error code ELIFECYCLE
22 error visualization@1.0.0 server: `node dist/app.js`
22 error Exit status 1
23 error Failed at the visualization@1.0.0 server script 'node dist/app.js'.
23 error Make sure you have the latest version of node.js and npm installed.
23 error If you do, this is most likely a problem with the visualization package,
23 error not with npm itself.
23 error Tell the author that this fails on your system:
23 error     node dist/app.js
23 error You can get information on how to open an issue for this project with:
23 error     npm bugs visualization
23 error Or if that isn't available, you can get their info via:
23 error     npm owner ls visualization
23 error There is likely additional logging output above.
24 verbose exit [ 1, true ]
